{"/home/spencll/e/35.2/express-biztime/routes/companies.js": {"path":"/home/spencll/e/35.2/express-biztime/routes/companies.js","statementMap":{"0":{"start":{"line":2,"column":16},"end":{"line":2,"column":34}},"1":{"start":{"line":3,"column":21},"end":{"line":3,"column":47}},"2":{"start":{"line":4,"column":15},"end":{"line":4,"column":31}},"3":{"start":{"line":7,"column":11},"end":{"line":7,"column":27}},"4":{"start":{"line":11,"column":0},"end":{"line":18,"column":3}},"5":{"start":{"line":12,"column":2},"end":{"line":17,"column":3}},"6":{"start":{"line":13,"column":20},"end":{"line":13,"column":61}},"7":{"start":{"line":14,"column":4},"end":{"line":14,"column":49}},"8":{"start":{"line":16,"column":4},"end":{"line":16,"column":19}},"9":{"start":{"line":23,"column":0},"end":{"line":36,"column":3}},"10":{"start":{"line":24,"column":2},"end":{"line":35,"column":3}},"11":{"start":{"line":25,"column":21},"end":{"line":25,"column":31}},"12":{"start":{"line":26,"column":20},"end":{"line":28,"column":6}},"13":{"start":{"line":29,"column":4},"end":{"line":31,"column":5}},"14":{"start":{"line":30,"column":6},"end":{"line":30,"column":77}},"15":{"start":{"line":32,"column":4},"end":{"line":32,"column":50}},"16":{"start":{"line":34,"column":4},"end":{"line":34,"column":19}},"17":{"start":{"line":40,"column":0},"end":{"line":51,"column":3}},"18":{"start":{"line":41,"column":2},"end":{"line":50,"column":3}},"19":{"start":{"line":42,"column":40},"end":{"line":42,"column":48}},"20":{"start":{"line":43,"column":20},"end":{"line":46,"column":5}},"21":{"start":{"line":47,"column":4},"end":{"line":47,"column":62}},"22":{"start":{"line":49,"column":4},"end":{"line":49,"column":19}},"23":{"start":{"line":55,"column":0},"end":{"line":70,"column":3}},"24":{"start":{"line":56,"column":2},"end":{"line":69,"column":3}},"25":{"start":{"line":57,"column":21},"end":{"line":57,"column":31}},"26":{"start":{"line":58,"column":34},"end":{"line":58,"column":42}},"27":{"start":{"line":59,"column":20},"end":{"line":62,"column":5}},"28":{"start":{"line":63,"column":4},"end":{"line":65,"column":5}},"29":{"start":{"line":64,"column":6},"end":{"line":64,"column":79}},"30":{"start":{"line":66,"column":4},"end":{"line":66,"column":50}},"31":{"start":{"line":68,"column":4},"end":{"line":68,"column":19}},"32":{"start":{"line":75,"column":0},"end":{"line":89,"column":3}},"33":{"start":{"line":76,"column":2},"end":{"line":88,"column":3}},"34":{"start":{"line":77,"column":20},"end":{"line":79,"column":6}},"35":{"start":{"line":81,"column":4},"end":{"line":83,"column":5}},"36":{"start":{"line":82,"column":6},"end":{"line":82,"column":55}},"37":{"start":{"line":85,"column":4},"end":{"line":85,"column":41}},"38":{"start":{"line":87,"column":4},"end":{"line":87,"column":19}},"39":{"start":{"line":91,"column":0},"end":{"line":91,"column":24}}},"fnMap":{"0":{"name":"(anonymous_0)","decl":{"start":{"line":11,"column":16},"end":{"line":11,"column":17}},"loc":{"start":{"line":11,"column":42},"end":{"line":18,"column":1}},"line":11},"1":{"name":"(anonymous_1)","decl":{"start":{"line":23,"column":21},"end":{"line":23,"column":22}},"loc":{"start":{"line":23,"column":47},"end":{"line":36,"column":1}},"line":23},"2":{"name":"(anonymous_2)","decl":{"start":{"line":40,"column":17},"end":{"line":40,"column":18}},"loc":{"start":{"line":40,"column":43},"end":{"line":51,"column":1}},"line":40},"3":{"name":"(anonymous_3)","decl":{"start":{"line":55,"column":21},"end":{"line":55,"column":22}},"loc":{"start":{"line":55,"column":47},"end":{"line":70,"column":1}},"line":55},"4":{"name":"(anonymous_4)","decl":{"start":{"line":75,"column":24},"end":{"line":75,"column":25}},"loc":{"start":{"line":75,"column":50},"end":{"line":89,"column":1}},"line":75}},"branchMap":{"0":{"loc":{"start":{"line":29,"column":4},"end":{"line":31,"column":5}},"type":"if","locations":[{"start":{"line":29,"column":4},"end":{"line":31,"column":5}},{"start":{},"end":{}}],"line":29},"1":{"loc":{"start":{"line":63,"column":4},"end":{"line":65,"column":5}},"type":"if","locations":[{"start":{"line":63,"column":4},"end":{"line":65,"column":5}},{"start":{},"end":{}}],"line":63},"2":{"loc":{"start":{"line":81,"column":4},"end":{"line":83,"column":5}},"type":"if","locations":[{"start":{"line":81,"column":4},"end":{"line":83,"column":5}},{"start":{},"end":{}}],"line":81}},"s":{"0":1,"1":1,"2":1,"3":1,"4":1,"5":1,"6":1,"7":1,"8":0,"9":1,"10":2,"11":2,"12":2,"13":2,"14":1,"15":1,"16":1,"17":1,"18":2,"19":2,"20":2,"21":1,"22":1,"23":1,"24":2,"25":2,"26":2,"27":2,"28":2,"29":1,"30":1,"31":1,"32":1,"33":2,"34":2,"35":2,"36":1,"37":1,"38":1,"39":1},"f":{"0":1,"1":2,"2":2,"3":2,"4":2},"b":{"0":[1,1],"1":[1,1],"2":[1,1]},"_coverageSchema":"1a1c01bbd47fc00a2c39e90264f33305004495a9","hash":"ff3e2428421f9fc9c8bd1dc45ee21cd5b216f762"}
,"/home/spencll/e/35.2/express-biztime/routes/invoices.js": {"path":"/home/spencll/e/35.2/express-biztime/routes/invoices.js","statementMap":{"0":{"start":{"line":2,"column":16},"end":{"line":2,"column":34}},"1":{"start":{"line":3,"column":21},"end":{"line":3,"column":47}},"2":{"start":{"line":4,"column":15},"end":{"line":4,"column":31}},"3":{"start":{"line":7,"column":11},"end":{"line":7,"column":27}},"4":{"start":{"line":13,"column":0},"end":{"line":20,"column":3}},"5":{"start":{"line":14,"column":2},"end":{"line":19,"column":3}},"6":{"start":{"line":15,"column":20},"end":{"line":15,"column":60}},"7":{"start":{"line":16,"column":4},"end":{"line":16,"column":48}},"8":{"start":{"line":18,"column":4},"end":{"line":18,"column":19}},"9":{"start":{"line":25,"column":0},"end":{"line":55,"column":3}},"10":{"start":{"line":26,"column":2},"end":{"line":54,"column":3}},"11":{"start":{"line":27,"column":19},"end":{"line":27,"column":29}},"12":{"start":{"line":28,"column":20},"end":{"line":31,"column":5}},"13":{"start":{"line":33,"column":4},"end":{"line":35,"column":5}},"14":{"start":{"line":34,"column":6},"end":{"line":34,"column":70}},"15":{"start":{"line":36,"column":17},"end":{"line":36,"column":32}},"16":{"start":{"line":37,"column":21},"end":{"line":50,"column":5}},"17":{"start":{"line":51,"column":4},"end":{"line":51,"column":30}},"18":{"start":{"line":53,"column":4},"end":{"line":53,"column":19}},"19":{"start":{"line":60,"column":0},"end":{"line":71,"column":3}},"20":{"start":{"line":61,"column":2},"end":{"line":70,"column":3}},"21":{"start":{"line":62,"column":31},"end":{"line":62,"column":39}},"22":{"start":{"line":63,"column":20},"end":{"line":66,"column":5}},"23":{"start":{"line":67,"column":4},"end":{"line":67,"column":62}},"24":{"start":{"line":69,"column":4},"end":{"line":69,"column":19}},"25":{"start":{"line":76,"column":0},"end":{"line":91,"column":3}},"26":{"start":{"line":77,"column":2},"end":{"line":90,"column":3}},"27":{"start":{"line":78,"column":19},"end":{"line":78,"column":29}},"28":{"start":{"line":79,"column":20},"end":{"line":79,"column":28}},"29":{"start":{"line":80,"column":20},"end":{"line":83,"column":5}},"30":{"start":{"line":84,"column":4},"end":{"line":86,"column":5}},"31":{"start":{"line":85,"column":6},"end":{"line":85,"column":72}},"32":{"start":{"line":87,"column":4},"end":{"line":87,"column":50}},"33":{"start":{"line":89,"column":4},"end":{"line":89,"column":19}},"34":{"start":{"line":95,"column":0},"end":{"line":107,"column":3}},"35":{"start":{"line":96,"column":2},"end":{"line":106,"column":3}},"36":{"start":{"line":97,"column":20},"end":{"line":99,"column":6}},"37":{"start":{"line":100,"column":4},"end":{"line":102,"column":5}},"38":{"start":{"line":101,"column":6},"end":{"line":101,"column":55}},"39":{"start":{"line":103,"column":4},"end":{"line":103,"column":41}},"40":{"start":{"line":105,"column":4},"end":{"line":105,"column":19}},"41":{"start":{"line":111,"column":0},"end":{"line":132,"column":3}},"42":{"start":{"line":112,"column":2},"end":{"line":131,"column":3}},"43":{"start":{"line":113,"column":21},"end":{"line":113,"column":31}},"44":{"start":{"line":114,"column":20},"end":{"line":116,"column":6}},"45":{"start":{"line":118,"column":22},"end":{"line":123,"column":5}},"46":{"start":{"line":124,"column":4},"end":{"line":126,"column":5}},"47":{"start":{"line":125,"column":6},"end":{"line":125,"column":77}},"48":{"start":{"line":127,"column":17},"end":{"line":127,"column":32}},"49":{"start":{"line":128,"column":4},"end":{"line":128,"column":65}},"50":{"start":{"line":130,"column":4},"end":{"line":130,"column":19}},"51":{"start":{"line":134,"column":0},"end":{"line":134,"column":24}}},"fnMap":{"0":{"name":"(anonymous_0)","decl":{"start":{"line":13,"column":16},"end":{"line":13,"column":17}},"loc":{"start":{"line":13,"column":42},"end":{"line":20,"column":1}},"line":13},"1":{"name":"(anonymous_1)","decl":{"start":{"line":25,"column":19},"end":{"line":25,"column":20}},"loc":{"start":{"line":25,"column":45},"end":{"line":55,"column":1}},"line":25},"2":{"name":"(anonymous_2)","decl":{"start":{"line":60,"column":17},"end":{"line":60,"column":18}},"loc":{"start":{"line":60,"column":43},"end":{"line":71,"column":1}},"line":60},"3":{"name":"(anonymous_3)","decl":{"start":{"line":76,"column":19},"end":{"line":76,"column":20}},"loc":{"start":{"line":76,"column":45},"end":{"line":91,"column":1}},"line":76},"4":{"name":"(anonymous_4)","decl":{"start":{"line":95,"column":22},"end":{"line":95,"column":23}},"loc":{"start":{"line":95,"column":48},"end":{"line":107,"column":1}},"line":95},"5":{"name":"(anonymous_5)","decl":{"start":{"line":111,"column":25},"end":{"line":111,"column":26}},"loc":{"start":{"line":111,"column":51},"end":{"line":132,"column":1}},"line":111}},"branchMap":{"0":{"loc":{"start":{"line":33,"column":4},"end":{"line":35,"column":5}},"type":"if","locations":[{"start":{"line":33,"column":4},"end":{"line":35,"column":5}},{"start":{},"end":{}}],"line":33},"1":{"loc":{"start":{"line":84,"column":4},"end":{"line":86,"column":5}},"type":"if","locations":[{"start":{"line":84,"column":4},"end":{"line":86,"column":5}},{"start":{},"end":{}}],"line":84},"2":{"loc":{"start":{"line":100,"column":4},"end":{"line":102,"column":5}},"type":"if","locations":[{"start":{"line":100,"column":4},"end":{"line":102,"column":5}},{"start":{},"end":{}}],"line":100},"3":{"loc":{"start":{"line":124,"column":4},"end":{"line":126,"column":5}},"type":"if","locations":[{"start":{"line":124,"column":4},"end":{"line":126,"column":5}},{"start":{},"end":{}}],"line":124}},"s":{"0":1,"1":1,"2":1,"3":1,"4":1,"5":1,"6":1,"7":1,"8":0,"9":1,"10":2,"11":2,"12":2,"13":2,"14":1,"15":1,"16":1,"17":1,"18":1,"19":1,"20":1,"21":1,"22":1,"23":1,"24":0,"25":1,"26":2,"27":2,"28":2,"29":2,"30":2,"31":1,"32":1,"33":1,"34":1,"35":2,"36":2,"37":2,"38":1,"39":1,"40":1,"41":1,"42":0,"43":0,"44":0,"45":0,"46":0,"47":0,"48":0,"49":0,"50":0,"51":1},"f":{"0":1,"1":2,"2":1,"3":2,"4":2,"5":0},"b":{"0":[1,1],"1":[1,1],"2":[1,1],"3":[0,0]},"_coverageSchema":"1a1c01bbd47fc00a2c39e90264f33305004495a9","hash":"84b981389ae3c34326aa4da8d5781b9c3dc3df7d"}
}
