TN:
SF:companies.js
FN:11,(anonymous_0)
FN:23,(anonymous_1)
FN:40,(anonymous_2)
FN:55,(anonymous_3)
FN:75,(anonymous_4)
FNF:5
FNH:5
FNDA:1,(anonymous_0)
FNDA:2,(anonymous_1)
FNDA:2,(anonymous_2)
FNDA:2,(anonymous_3)
FNDA:2,(anonymous_4)
DA:2,1
DA:3,1
DA:4,1
DA:7,1
DA:11,1
DA:12,1
DA:13,1
DA:14,1
DA:16,0
DA:23,1
DA:24,2
DA:25,2
DA:26,2
DA:29,2
DA:30,1
DA:32,1
DA:34,1
DA:40,1
DA:41,2
DA:42,2
DA:43,2
DA:47,1
DA:49,1
DA:55,1
DA:56,2
DA:57,2
DA:58,2
DA:59,2
DA:63,2
DA:64,1
DA:66,1
DA:68,1
DA:75,1
DA:76,2
DA:77,2
DA:81,2
DA:82,1
DA:85,1
DA:87,1
DA:91,1
LF:40
LH:39
BRDA:29,0,0,1
BRDA:29,0,1,1
BRDA:63,1,0,1
BRDA:63,1,1,1
BRDA:81,2,0,1
BRDA:81,2,1,1
BRF:6
BRH:6
end_of_record
TN:
SF:invoices.js
FN:13,(anonymous_0)
FN:25,(anonymous_1)
FN:60,(anonymous_2)
FN:76,(anonymous_3)
FN:95,(anonymous_4)
FN:111,(anonymous_5)
FNF:6
FNH:5
FNDA:1,(anonymous_0)
FNDA:2,(anonymous_1)
FNDA:1,(anonymous_2)
FNDA:2,(anonymous_3)
FNDA:2,(anonymous_4)
FNDA:0,(anonymous_5)
DA:2,1
DA:3,1
DA:4,1
DA:7,1
DA:13,1
DA:14,1
DA:15,1
DA:16,1
DA:18,0
DA:25,1
DA:26,2
DA:27,2
DA:28,2
DA:33,2
DA:34,1
DA:36,1
DA:37,1
DA:51,1
DA:53,1
DA:60,1
DA:61,1
DA:62,1
DA:63,1
DA:67,1
DA:69,0
DA:76,1
DA:77,2
DA:78,2
DA:79,2
DA:80,2
DA:84,2
DA:85,1
DA:87,1
DA:89,1
DA:95,1
DA:96,2
DA:97,2
DA:100,2
DA:101,1
DA:103,1
DA:105,1
DA:111,1
DA:112,0
DA:113,0
DA:114,0
DA:118,0
DA:124,0
DA:125,0
DA:127,0
DA:128,0
DA:130,0
DA:134,1
LF:52
LH:41
BRDA:33,0,0,1
BRDA:33,0,1,1
BRDA:84,1,0,1
BRDA:84,1,1,1
BRDA:100,2,0,1
BRDA:100,2,1,1
BRDA:124,3,0,0
BRDA:124,3,1,0
BRF:8
BRH:6
end_of_record
