{"/home/spencll/e/36.2/express-bookstore/app.js": {"path":"/home/spencll/e/36.2/express-bookstore/app.js","statementMap":{"0":{"start":{"line":4,"column":16},"end":{"line":4,"column":34}},"1":{"start":{"line":5,"column":12},"end":{"line":5,"column":21}},"2":{"start":{"line":7,"column":0},"end":{"line":7,"column":24}},"3":{"start":{"line":9,"column":21},"end":{"line":9,"column":46}},"4":{"start":{"line":10,"column":19},"end":{"line":10,"column":44}},"5":{"start":{"line":12,"column":0},"end":{"line":12,"column":30}},"6":{"start":{"line":16,"column":0},"end":{"line":19,"column":3}},"7":{"start":{"line":17,"column":14},"end":{"line":17,"column":48}},"8":{"start":{"line":18,"column":2},"end":{"line":18,"column":19}},"9":{"start":{"line":24,"column":0},"end":{"line":31,"column":3}},"10":{"start":{"line":25,"column":2},"end":{"line":25,"column":32}},"11":{"start":{"line":27,"column":2},"end":{"line":30,"column":5}},"12":{"start":{"line":34,"column":0},"end":{"line":34,"column":21}}},"fnMap":{"0":{"name":"(anonymous_0)","decl":{"start":{"line":16,"column":8},"end":{"line":16,"column":9}},"loc":{"start":{"line":16,"column":34},"end":{"line":19,"column":1}},"line":16},"1":{"name":"(anonymous_1)","decl":{"start":{"line":24,"column":8},"end":{"line":24,"column":9}},"loc":{"start":{"line":24,"column":38},"end":{"line":31,"column":1}},"line":24}},"branchMap":{"0":{"loc":{"start":{"line":25,"column":13},"end":{"line":25,"column":30}},"type":"binary-expr","locations":[{"start":{"line":25,"column":13},"end":{"line":25,"column":23}},{"start":{"line":25,"column":27},"end":{"line":25,"column":30}}],"line":25}},"s":{"0":1,"1":1,"2":1,"3":1,"4":1,"5":1,"6":1,"7":0,"8":0,"9":1,"10":5,"11":5,"12":1},"f":{"0":0,"1":5},"b":{"0":[5,0]},"_coverageSchema":"1a1c01bbd47fc00a2c39e90264f33305004495a9","hash":"62fd81c2ffe2e3a04ce98a4e6344415d93a13d5c"}
,"/home/spencll/e/36.2/express-bookstore/config.js": {"path":"/home/spencll/e/36.2/express-bookstore/config.js","statementMap":{"0":{"start":{"line":4,"column":13},"end":{"line":4,"column":28}},"1":{"start":{"line":6,"column":0},"end":{"line":10,"column":1}},"2":{"start":{"line":7,"column":2},"end":{"line":7,"column":34}},"3":{"start":{"line":9,"column":2},"end":{"line":9,"column":57}},"4":{"start":{"line":13,"column":0},"end":{"line":13,"column":28}}},"fnMap":{},"branchMap":{"0":{"loc":{"start":{"line":6,"column":0},"end":{"line":10,"column":1}},"type":"if","locations":[{"start":{"line":6,"column":0},"end":{"line":10,"column":1}},{"start":{"line":8,"column":7},"end":{"line":10,"column":1}}],"line":6},"1":{"loc":{"start":{"line":9,"column":11},"end":{"line":9,"column":56}},"type":"binary-expr","locations":[{"start":{"line":9,"column":11},"end":{"line":9,"column":35}},{"start":{"line":9,"column":39},"end":{"line":9,"column":56}}],"line":9}},"s":{"0":1,"1":1,"2":1,"3":0,"4":1},"f":{},"b":{"0":[1,0],"1":[0,0]},"_coverageSchema":"1a1c01bbd47fc00a2c39e90264f33305004495a9","hash":"0f6dbf56457fba0a7b62b8f1805bb05b7e3b842c"}
,"/home/spencll/e/36.2/express-bookstore/db.js": {"path":"/home/spencll/e/36.2/express-bookstore/db.js","statementMap":{"0":{"start":{"line":4,"column":19},"end":{"line":4,"column":32}},"1":{"start":{"line":5,"column":17},"end":{"line":5,"column":36}},"2":{"start":{"line":7,"column":9},"end":{"line":9,"column":2}},"3":{"start":{"line":11,"column":0},"end":{"line":11,"column":13}},"4":{"start":{"line":14,"column":0},"end":{"line":14,"column":20}}},"fnMap":{},"branchMap":{},"s":{"0":1,"1":1,"2":1,"3":1,"4":1},"f":{},"b":{},"_coverageSchema":"1a1c01bbd47fc00a2c39e90264f33305004495a9","hash":"9a059be3a8b947a81073e4e1e70bdea8af110484"}
,"/home/spencll/e/36.2/express-bookstore/expressError.js": {"path":"/home/spencll/e/36.2/express-bookstore/expressError.js","statementMap":{"0":{"start":{"line":9,"column":4},"end":{"line":9,"column":12}},"1":{"start":{"line":10,"column":4},"end":{"line":10,"column":27}},"2":{"start":{"line":11,"column":4},"end":{"line":11,"column":25}},"3":{"start":{"line":12,"column":4},"end":{"line":12,"column":30}},"4":{"start":{"line":17,"column":0},"end":{"line":17,"column":30}}},"fnMap":{"0":{"name":"(anonymous_0)","decl":{"start":{"line":8,"column":2},"end":{"line":8,"column":3}},"loc":{"start":{"line":8,"column":31},"end":{"line":13,"column":3}},"line":8}},"branchMap":{},"s":{"0":2,"1":2,"2":2,"3":2,"4":1},"f":{"0":2},"b":{},"_coverageSchema":"1a1c01bbd47fc00a2c39e90264f33305004495a9","hash":"97aa7444265901e8d30bc158b0b7427c27990a0e"}
,"/home/spencll/e/36.2/express-bookstore/models/book.js": {"path":"/home/spencll/e/36.2/express-bookstore/models/book.js","statementMap":{"0":{"start":{"line":1,"column":11},"end":{"line":1,"column":27}},"1":{"start":{"line":13,"column":20},"end":{"line":25,"column":5}},"2":{"start":{"line":27,"column":4},"end":{"line":29,"column":5}},"3":{"start":{"line":28,"column":6},"end":{"line":28,"column":79}},"4":{"start":{"line":31,"column":4},"end":{"line":31,"column":27}},"5":{"start":{"line":42,"column":21},"end":{"line":53,"column":5}},"6":{"start":{"line":55,"column":4},"end":{"line":55,"column":25}},"7":{"start":{"line":67,"column":19},"end":{"line":96,"column":5}},"8":{"start":{"line":98,"column":4},"end":{"line":98,"column":26}},"9":{"start":{"line":110,"column":19},"end":{"line":138,"column":5}},"10":{"start":{"line":140,"column":4},"end":{"line":142,"column":5}},"11":{"start":{"line":141,"column":6},"end":{"line":141,"column":79}},"12":{"start":{"line":144,"column":4},"end":{"line":144,"column":26}},"13":{"start":{"line":150,"column":19},"end":{"line":155,"column":5}},"14":{"start":{"line":157,"column":4},"end":{"line":159,"column":5}},"15":{"start":{"line":158,"column":6},"end":{"line":158,"column":79}},"16":{"start":{"line":163,"column":0},"end":{"line":163,"column":22}}},"fnMap":{"0":{"name":"(anonymous_0)","decl":{"start":{"line":12,"column":2},"end":{"line":12,"column":3}},"loc":{"start":{"line":12,"column":29},"end":{"line":32,"column":3}},"line":12},"1":{"name":"(anonymous_1)","decl":{"start":{"line":41,"column":2},"end":{"line":41,"column":3}},"loc":{"start":{"line":41,"column":25},"end":{"line":56,"column":3}},"line":41},"2":{"name":"(anonymous_2)","decl":{"start":{"line":66,"column":2},"end":{"line":66,"column":3}},"loc":{"start":{"line":66,"column":28},"end":{"line":99,"column":3}},"line":66},"3":{"name":"(anonymous_3)","decl":{"start":{"line":109,"column":2},"end":{"line":109,"column":3}},"loc":{"start":{"line":109,"column":34},"end":{"line":145,"column":3}},"line":109},"4":{"name":"(anonymous_4)","decl":{"start":{"line":149,"column":2},"end":{"line":149,"column":3}},"loc":{"start":{"line":149,"column":28},"end":{"line":160,"column":3}},"line":149}},"branchMap":{"0":{"loc":{"start":{"line":27,"column":4},"end":{"line":29,"column":5}},"type":"if","locations":[{"start":{"line":27,"column":4},"end":{"line":29,"column":5}},{"start":{},"end":{}}],"line":27},"1":{"loc":{"start":{"line":140,"column":4},"end":{"line":142,"column":5}},"type":"if","locations":[{"start":{"line":140,"column":4},"end":{"line":142,"column":5}},{"start":{},"end":{}}],"line":140},"2":{"loc":{"start":{"line":157,"column":4},"end":{"line":159,"column":5}},"type":"if","locations":[{"start":{"line":157,"column":4},"end":{"line":159,"column":5}},{"start":{},"end":{}}],"line":157}},"s":{"0":1,"1":2,"2":2,"3":1,"4":1,"5":3,"6":3,"7":16,"8":16,"9":3,"10":3,"11":1,"12":2,"13":3,"14":3,"15":1,"16":1},"f":{"0":2,"1":3,"2":16,"3":3,"4":3},"b":{"0":[1,1],"1":[1,2],"2":[1,2]},"_coverageSchema":"1a1c01bbd47fc00a2c39e90264f33305004495a9","hash":"bb0aff94796cef070186cec5e7023d6f6bdbae5b"}
,"/home/spencll/e/36.2/express-bookstore/routes/books.js": {"path":"/home/spencll/e/36.2/express-bookstore/routes/books.js","statementMap":{"0":{"start":{"line":1,"column":16},"end":{"line":1,"column":34}},"1":{"start":{"line":2,"column":13},"end":{"line":2,"column":38}},"2":{"start":{"line":3,"column":19},"end":{"line":3,"column":40}},"3":{"start":{"line":4,"column":19},"end":{"line":4,"column":43}},"4":{"start":{"line":5,"column":21},"end":{"line":5,"column":47}},"5":{"start":{"line":6,"column":15},"end":{"line":6,"column":35}},"6":{"start":{"line":10,"column":0},"end":{"line":17,"column":3}},"7":{"start":{"line":11,"column":2},"end":{"line":16,"column":3}},"8":{"start":{"line":12,"column":18},"end":{"line":12,"column":47}},"9":{"start":{"line":13,"column":4},"end":{"line":13,"column":31}},"10":{"start":{"line":15,"column":4},"end":{"line":15,"column":21}},"11":{"start":{"line":21,"column":0},"end":{"line":28,"column":3}},"12":{"start":{"line":22,"column":2},"end":{"line":27,"column":3}},"13":{"start":{"line":23,"column":17},"end":{"line":23,"column":50}},"14":{"start":{"line":24,"column":4},"end":{"line":24,"column":30}},"15":{"start":{"line":26,"column":4},"end":{"line":26,"column":21}},"16":{"start":{"line":32,"column":0},"end":{"line":49,"column":3}},"17":{"start":{"line":34,"column":17},"end":{"line":34,"column":58}},"18":{"start":{"line":35,"column":2},"end":{"line":48,"column":3}},"19":{"start":{"line":37,"column":4},"end":{"line":42,"column":5}},"20":{"start":{"line":39,"column":25},"end":{"line":39,"column":66}},"21":{"start":{"line":39,"column":54},"end":{"line":39,"column":65}},"22":{"start":{"line":40,"column":18},"end":{"line":40,"column":53}},"23":{"start":{"line":41,"column":6},"end":{"line":41,"column":25}},"24":{"start":{"line":43,"column":17},"end":{"line":43,"column":44}},"25":{"start":{"line":45,"column":4},"end":{"line":45,"column":42}},"26":{"start":{"line":47,"column":4},"end":{"line":47,"column":21}},"27":{"start":{"line":53,"column":0},"end":{"line":69,"column":3}},"28":{"start":{"line":55,"column":17},"end":{"line":55,"column":58}},"29":{"start":{"line":56,"column":2},"end":{"line":68,"column":3}},"30":{"start":{"line":58,"column":5},"end":{"line":63,"column":5}},"31":{"start":{"line":60,"column":25},"end":{"line":60,"column":66}},"32":{"start":{"line":60,"column":54},"end":{"line":60,"column":65}},"33":{"start":{"line":61,"column":18},"end":{"line":61,"column":53}},"34":{"start":{"line":62,"column":6},"end":{"line":62,"column":25}},"35":{"start":{"line":64,"column":17},"end":{"line":64,"column":61}},"36":{"start":{"line":65,"column":4},"end":{"line":65,"column":30}},"37":{"start":{"line":67,"column":4},"end":{"line":67,"column":21}},"38":{"start":{"line":73,"column":0},"end":{"line":80,"column":3}},"39":{"start":{"line":74,"column":2},"end":{"line":79,"column":3}},"40":{"start":{"line":75,"column":4},"end":{"line":75,"column":39}},"41":{"start":{"line":76,"column":4},"end":{"line":76,"column":49}},"42":{"start":{"line":78,"column":4},"end":{"line":78,"column":21}},"43":{"start":{"line":82,"column":0},"end":{"line":82,"column":24}}},"fnMap":{"0":{"name":"(anonymous_0)","decl":{"start":{"line":10,"column":16},"end":{"line":10,"column":17}},"loc":{"start":{"line":10,"column":48},"end":{"line":17,"column":1}},"line":10},"1":{"name":"(anonymous_1)","decl":{"start":{"line":21,"column":19},"end":{"line":21,"column":20}},"loc":{"start":{"line":21,"column":51},"end":{"line":28,"column":1}},"line":21},"2":{"name":"(anonymous_2)","decl":{"start":{"line":32,"column":17},"end":{"line":32,"column":18}},"loc":{"start":{"line":32,"column":49},"end":{"line":49,"column":1}},"line":32},"3":{"name":"(anonymous_3)","decl":{"start":{"line":39,"column":43},"end":{"line":39,"column":44}},"loc":{"start":{"line":39,"column":54},"end":{"line":39,"column":65}},"line":39},"4":{"name":"(anonymous_4)","decl":{"start":{"line":53,"column":21},"end":{"line":53,"column":22}},"loc":{"start":{"line":53,"column":53},"end":{"line":69,"column":1}},"line":53},"5":{"name":"(anonymous_5)","decl":{"start":{"line":60,"column":43},"end":{"line":60,"column":44}},"loc":{"start":{"line":60,"column":54},"end":{"line":60,"column":65}},"line":60},"6":{"name":"(anonymous_6)","decl":{"start":{"line":73,"column":24},"end":{"line":73,"column":25}},"loc":{"start":{"line":73,"column":56},"end":{"line":80,"column":1}},"line":73}},"branchMap":{"0":{"loc":{"start":{"line":37,"column":4},"end":{"line":42,"column":5}},"type":"if","locations":[{"start":{"line":37,"column":4},"end":{"line":42,"column":5}},{"start":{},"end":{}}],"line":37},"1":{"loc":{"start":{"line":58,"column":5},"end":{"line":63,"column":5}},"type":"if","locations":[{"start":{"line":58,"column":5},"end":{"line":63,"column":5}},{"start":{},"end":{}}],"line":58}},"s":{"0":1,"1":1,"2":1,"3":1,"4":1,"5":1,"6":1,"7":1,"8":1,"9":1,"10":0,"11":1,"12":2,"13":2,"14":1,"15":1,"16":1,"17":2,"18":2,"19":2,"20":1,"21":8,"22":1,"23":1,"24":1,"25":1,"26":0,"27":1,"28":3,"29":3,"30":3,"31":1,"32":1,"33":1,"34":1,"35":2,"36":1,"37":1,"38":1,"39":2,"40":2,"41":1,"42":1,"43":1},"f":{"0":1,"1":2,"2":2,"3":8,"4":3,"5":1,"6":2},"b":{"0":[1,1],"1":[1,2]},"_coverageSchema":"1a1c01bbd47fc00a2c39e90264f33305004495a9","hash":"b1e089a1c129943d829dd89abc45ee0962b00caa"}
}
